{"timestamp":"2026-03-07T03:10:30.426079Z","level":"info","event":"Filling up the DagBag from /opt/airflow/dags/3_operators.py","logger":"airflow.models.dagbag.BundleDagBag","filename":"dagbag.py","lineno":593}
{"timestamp":"2026-03-07T03:11:01.034241Z","level":"info","event":"Filling up the DagBag from /opt/airflow/dags/3_operators.py","logger":"airflow.models.dagbag.BundleDagBag","filename":"dagbag.py","lineno":593}
{"timestamp":"2026-03-07T03:11:31.710792Z","level":"info","event":"Filling up the DagBag from /opt/airflow/dags/3_operators.py","logger":"airflow.models.dagbag.BundleDagBag","filename":"dagbag.py","lineno":593}
{"timestamp":"2026-03-07T03:12:02.519259Z","level":"info","event":"Filling up the DagBag from /opt/airflow/dags/3_operators.py","logger":"airflow.models.dagbag.BundleDagBag","filename":"dagbag.py","lineno":593}
{"timestamp":"2026-03-07T03:12:33.185878Z","level":"info","event":"Filling up the DagBag from /opt/airflow/dags/3_operators.py","logger":"airflow.models.dagbag.BundleDagBag","filename":"dagbag.py","lineno":593}
{"timestamp":"2026-03-07T03:13:03.823376Z","level":"info","event":"Filling up the DagBag from /opt/airflow/dags/3_operators.py","logger":"airflow.models.dagbag.BundleDagBag","filename":"dagbag.py","lineno":593}
{"timestamp":"2026-03-07T03:13:34.416742Z","level":"info","event":"Filling up the DagBag from /opt/airflow/dags/3_operators.py","logger":"airflow.models.dagbag.BundleDagBag","filename":"dagbag.py","lineno":593}
{"timestamp":"2026-03-07T03:14:04.974532Z","level":"info","event":"Filling up the DagBag from /opt/airflow/dags/3_operators.py","logger":"airflow.models.dagbag.BundleDagBag","filename":"dagbag.py","lineno":593}
{"timestamp":"2026-03-07T03:14:21.330008Z","level":"info","event":"Filling up the DagBag from /opt/airflow/dags/3_operators.py","logger":"airflow.models.dagbag.BundleDagBag","filename":"dagbag.py","lineno":593}
{"timestamp":"2026-03-07T03:14:21.387564Z","level":"error","event":"Failed to import: /opt/airflow/dags/3_operators.py","logger":"airflow.models.dagbag.BundleDagBag","filename":"dagbag.py","lineno":415,"error_detail":[{"exc_type":"NameError","exc_value":"name 'version_task' is not defined","exc_notes":[],"syntax_error":null,"is_cause":false,"frames":[{"filename":"/home/airflow/.local/lib/python3.12/site-packages/airflow/models/dagbag.py","lineno":405,"name":"parse"},{"filename":"<frozen importlib._bootstrap_external>","lineno":999,"name":"exec_module"},{"filename":"<frozen importlib._bootstrap>","lineno":488,"name":"_call_with_frames_removed"},{"filename":"/opt/airflow/dags/3_operators.py","lineno":39,"name":"<module>"},{"filename":"/home/airflow/.local/lib/python3.12/site-packages/airflow/sdk/definitions/dag.py","lineno":1557,"name":"factory"},{"filename":"/opt/airflow/dags/3_operators.py","lineno":34,"name":"versioned_dag"}],"is_group":false,"exceptions":[]}]}
{"timestamp":"2026-03-07T03:14:21.399683Z","level":"warning","event":"The `airflow.operators.bash.BashOperator` attribute is deprecated. Please use `'airflow.providers.standard.operators.bash.BashOperator'`.","category":"DeprecatedImportWarning","filename":"/opt/airflow/dags/3_operators.py","lineno":2,"logger":"py.warnings"}
{"timestamp":"2026-03-07T03:14:52.092512Z","level":"info","event":"Filling up the DagBag from /opt/airflow/dags/3_operators.py","logger":"airflow.models.dagbag.BundleDagBag","filename":"dagbag.py","lineno":593}
{"timestamp":"2026-03-07T03:14:52.121363Z","level":"error","event":"Failed to import: /opt/airflow/dags/3_operators.py","logger":"airflow.models.dagbag.BundleDagBag","filename":"dagbag.py","lineno":415,"error_detail":[{"exc_type":"NameError","exc_value":"name 'version_task' is not defined","exc_notes":[],"syntax_error":null,"is_cause":false,"frames":[{"filename":"/home/airflow/.local/lib/python3.12/site-packages/airflow/models/dagbag.py","lineno":405,"name":"parse"},{"filename":"<frozen importlib._bootstrap_external>","lineno":999,"name":"exec_module"},{"filename":"<frozen importlib._bootstrap>","lineno":488,"name":"_call_with_frames_removed"},{"filename":"/opt/airflow/dags/3_operators.py","lineno":39,"name":"<module>"},{"filename":"/home/airflow/.local/lib/python3.12/site-packages/airflow/sdk/definitions/dag.py","lineno":1557,"name":"factory"},{"filename":"/opt/airflow/dags/3_operators.py","lineno":34,"name":"versioned_dag"}],"is_group":false,"exceptions":[]}]}
{"timestamp":"2026-03-07T03:14:52.129891Z","level":"warning","event":"The `airflow.operators.bash.BashOperator` attribute is deprecated. Please use `'airflow.providers.standard.operators.bash.BashOperator'`.","category":"DeprecatedImportWarning","filename":"/opt/airflow/dags/3_operators.py","lineno":2,"logger":"py.warnings"}
{"timestamp":"2026-03-07T03:15:22.861515Z","level":"info","event":"Filling up the DagBag from /opt/airflow/dags/3_operators.py","logger":"airflow.models.dagbag.BundleDagBag","filename":"dagbag.py","lineno":593}
{"timestamp":"2026-03-07T03:15:22.900338Z","level":"error","event":"Failed to import: /opt/airflow/dags/3_operators.py","logger":"airflow.models.dagbag.BundleDagBag","filename":"dagbag.py","lineno":415,"error_detail":[{"exc_type":"NameError","exc_value":"name 'version_task' is not defined","exc_notes":[],"syntax_error":null,"is_cause":false,"frames":[{"filename":"/home/airflow/.local/lib/python3.12/site-packages/airflow/models/dagbag.py","lineno":405,"name":"parse"},{"filename":"<frozen importlib._bootstrap_external>","lineno":999,"name":"exec_module"},{"filename":"<frozen importlib._bootstrap>","lineno":488,"name":"_call_with_frames_removed"},{"filename":"/opt/airflow/dags/3_operators.py","lineno":39,"name":"<module>"},{"filename":"/home/airflow/.local/lib/python3.12/site-packages/airflow/sdk/definitions/dag.py","lineno":1557,"name":"factory"},{"filename":"/opt/airflow/dags/3_operators.py","lineno":34,"name":"versioned_dag"}],"is_group":false,"exceptions":[]}]}
{"timestamp":"2026-03-07T03:15:22.910824Z","level":"warning","event":"The `airflow.operators.bash.BashOperator` attribute is deprecated. Please use `'airflow.providers.standard.operators.bash.BashOperator'`.","category":"DeprecatedImportWarning","filename":"/opt/airflow/dags/3_operators.py","lineno":2,"logger":"py.warnings"}
{"timestamp":"2026-03-07T03:15:37.190741Z","level":"info","event":"Filling up the DagBag from /opt/airflow/dags/3_operators.py","logger":"airflow.models.dagbag.BundleDagBag","filename":"dagbag.py","lineno":593}
{"timestamp":"2026-03-07T03:15:37.228400Z","level":"error","event":"Failed to import: /opt/airflow/dags/3_operators.py","logger":"airflow.models.dagbag.BundleDagBag","filename":"dagbag.py","lineno":415,"error_detail":[{"exc_type":"TypeError","exc_value":"'BashOperator' object is not callable","exc_notes":[],"syntax_error":null,"is_cause":false,"frames":[{"filename":"/home/airflow/.local/lib/python3.12/site-packages/airflow/models/dagbag.py","lineno":405,"name":"parse"},{"filename":"<frozen importlib._bootstrap_external>","lineno":999,"name":"exec_module"},{"filename":"<frozen importlib._bootstrap>","lineno":488,"name":"_call_with_frames_removed"},{"filename":"/opt/airflow/dags/3_operators.py","lineno":40,"name":"<module>"},{"filename":"/home/airflow/.local/lib/python3.12/site-packages/airflow/sdk/definitions/dag.py","lineno":1557,"name":"factory"},{"filename":"/opt/airflow/dags/3_operators.py","lineno":35,"name":"versioned_dag"}],"is_group":false,"exceptions":[]}]}
{"timestamp":"2026-03-07T03:15:37.232768Z","level":"warning","event":"The `airflow.operators.bash.BashOperator` attribute is deprecated. Please use `'airflow.providers.standard.operators.bash.BashOperator'`.","category":"DeprecatedImportWarning","filename":"/opt/airflow/dags/3_operators.py","lineno":2,"logger":"py.warnings"}
{"timestamp":"2026-03-07T03:16:07.761080Z","level":"info","event":"Filling up the DagBag from /opt/airflow/dags/3_operators.py","logger":"airflow.models.dagbag.BundleDagBag","filename":"dagbag.py","lineno":593}
{"timestamp":"2026-03-07T03:16:07.788795Z","level":"error","event":"Failed to import: /opt/airflow/dags/3_operators.py","logger":"airflow.models.dagbag.BundleDagBag","filename":"dagbag.py","lineno":415,"error_detail":[{"exc_type":"TypeError","exc_value":"'BashOperator' object is not callable","exc_notes":[],"syntax_error":null,"is_cause":false,"frames":[{"filename":"/home/airflow/.local/lib/python3.12/site-packages/airflow/models/dagbag.py","lineno":405,"name":"parse"},{"filename":"<frozen importlib._bootstrap_external>","lineno":999,"name":"exec_module"},{"filename":"<frozen importlib._bootstrap>","lineno":488,"name":"_call_with_frames_removed"},{"filename":"/opt/airflow/dags/3_operators.py","lineno":40,"name":"<module>"},{"filename":"/home/airflow/.local/lib/python3.12/site-packages/airflow/sdk/definitions/dag.py","lineno":1557,"name":"factory"},{"filename":"/opt/airflow/dags/3_operators.py","lineno":35,"name":"versioned_dag"}],"is_group":false,"exceptions":[]}]}
{"timestamp":"2026-03-07T03:16:07.793315Z","level":"warning","event":"The `airflow.operators.bash.BashOperator` attribute is deprecated. Please use `'airflow.providers.standard.operators.bash.BashOperator'`.","category":"DeprecatedImportWarning","filename":"/opt/airflow/dags/3_operators.py","lineno":2,"logger":"py.warnings"}
{"timestamp":"2026-03-07T03:16:25.131153Z","level":"info","event":"Filling up the DagBag from /opt/airflow/dags/3_operators.py","logger":"airflow.models.dagbag.BundleDagBag","filename":"dagbag.py","lineno":593}
{"timestamp":"2026-03-07T03:16:25.180672Z","level":"warning","event":"The `airflow.operators.bash.BashOperator` attribute is deprecated. Please use `'airflow.providers.standard.operators.bash.BashOperator'`.","category":"DeprecatedImportWarning","filename":"/opt/airflow/dags/3_operators.py","lineno":2,"logger":"py.warnings"}
{"timestamp":"2026-03-07T03:16:55.950703Z","level":"info","event":"Filling up the DagBag from /opt/airflow/dags/3_operators.py","logger":"airflow.models.dagbag.BundleDagBag","filename":"dagbag.py","lineno":593}
{"timestamp":"2026-03-07T03:16:55.985026Z","level":"warning","event":"The `airflow.operators.bash.BashOperator` attribute is deprecated. Please use `'airflow.providers.standard.operators.bash.BashOperator'`.","category":"DeprecatedImportWarning","filename":"/opt/airflow/dags/3_operators.py","lineno":2,"logger":"py.warnings"}
{"timestamp":"2026-03-07T03:17:12.635800Z","level":"info","event":"Filling up the DagBag from /opt/airflow/dags/3_operators.py","logger":"airflow.models.dagbag.BundleDagBag","filename":"dagbag.py","lineno":593}
{"timestamp":"2026-03-07T03:17:12.679262Z","level":"warning","event":"The `airflow.operators.bash.BashOperator` attribute is deprecated. Please use `'airflow.providers.standard.operators.bash.BashOperator'`.","category":"DeprecatedImportWarning","filename":"/opt/airflow/dags/3_operators.py","lineno":2,"logger":"py.warnings"}
{"timestamp":"2026-03-07T03:17:12.864921Z","level":"info","event":"Filling up the DagBag from /opt/airflow/dags/3_operators.py","logger":"airflow.models.dagbag.BundleDagBag","filename":"dagbag.py","lineno":593}
{"timestamp":"2026-03-07T03:17:12.898311Z","level":"warning","event":"The `airflow.operators.bash.BashOperator` attribute is deprecated. Please use `'airflow.providers.standard.operators.bash.BashOperator'`.","category":"DeprecatedImportWarning","filename":"/opt/airflow/dags/3_operators.py","lineno":2,"logger":"py.warnings"}
{"timestamp":"2026-03-07T03:17:43.452028Z","level":"info","event":"Filling up the DagBag from /opt/airflow/dags/3_operators.py","logger":"airflow.models.dagbag.BundleDagBag","filename":"dagbag.py","lineno":593}
{"timestamp":"2026-03-07T03:17:43.480919Z","level":"warning","event":"The `airflow.operators.bash.BashOperator` attribute is deprecated. Please use `'airflow.providers.standard.operators.bash.BashOperator'`.","category":"DeprecatedImportWarning","filename":"/opt/airflow/dags/3_operators.py","lineno":2,"logger":"py.warnings"}
{"timestamp":"2026-03-07T03:17:52.683311Z","level":"info","event":"Filling up the DagBag from /opt/airflow/dags/3_operators.py","logger":"airflow.models.dagbag.BundleDagBag","filename":"dagbag.py","lineno":593}
{"timestamp":"2026-03-07T03:17:52.746423Z","level":"warning","event":"The `airflow.operators.bash.BashOperator` attribute is deprecated. Please use `'airflow.providers.standard.operators.bash.BashOperator'`.","category":"DeprecatedImportWarning","filename":"/opt/airflow/dags/3_operators.py","lineno":2,"logger":"py.warnings"}
{"timestamp":"2026-03-07T03:17:52.986497Z","level":"info","event":"Filling up the DagBag from /opt/airflow/dags/3_operators.py","logger":"airflow.models.dagbag.BundleDagBag","filename":"dagbag.py","lineno":593}
{"timestamp":"2026-03-07T03:17:53.047403Z","level":"warning","event":"The `airflow.operators.bash.BashOperator` attribute is deprecated. Please use `'airflow.providers.standard.operators.bash.BashOperator'`.","category":"DeprecatedImportWarning","filename":"/opt/airflow/dags/3_operators.py","lineno":2,"logger":"py.warnings"}
{"timestamp":"2026-03-07T03:18:23.705204Z","level":"info","event":"Filling up the DagBag from /opt/airflow/dags/3_operators.py","logger":"airflow.models.dagbag.BundleDagBag","filename":"dagbag.py","lineno":593}
{"timestamp":"2026-03-07T03:18:23.743485Z","level":"warning","event":"The `airflow.operators.bash.BashOperator` attribute is deprecated. Please use `'airflow.providers.standard.operators.bash.BashOperator'`.","category":"DeprecatedImportWarning","filename":"/opt/airflow/dags/3_operators.py","lineno":2,"logger":"py.warnings"}
{"timestamp":"2026-03-07T03:18:54.426031Z","level":"info","event":"Filling up the DagBag from /opt/airflow/dags/3_operators.py","logger":"airflow.models.dagbag.BundleDagBag","filename":"dagbag.py","lineno":593}
{"timestamp":"2026-03-07T03:18:54.460786Z","level":"warning","event":"The `airflow.operators.bash.BashOperator` attribute is deprecated. Please use `'airflow.providers.standard.operators.bash.BashOperator'`.","category":"DeprecatedImportWarning","filename":"/opt/airflow/dags/3_operators.py","lineno":2,"logger":"py.warnings"}
{"timestamp":"2026-03-07T03:19:16.993095Z","level":"info","event":"Filling up the DagBag from /opt/airflow/dags/3_operators.py","logger":"airflow.models.dagbag.BundleDagBag","filename":"dagbag.py","lineno":593}
{"timestamp":"2026-03-07T03:19:17.046900Z","level":"warning","event":"The `airflow.operators.bash.BashOperator` attribute is deprecated. Please use `'airflow.providers.standard.operators.bash.BashOperator'`.","category":"DeprecatedImportWarning","filename":"/opt/airflow/dags/3_operators.py","lineno":2,"logger":"py.warnings"}
{"timestamp":"2026-03-07T03:19:18.140414Z","level":"info","event":"Filling up the DagBag from /opt/airflow/dags/3_operators.py","logger":"airflow.models.dagbag.BundleDagBag","filename":"dagbag.py","lineno":593}
{"timestamp":"2026-03-07T03:19:18.177130Z","level":"warning","event":"The `airflow.operators.bash.BashOperator` attribute is deprecated. Please use `'airflow.providers.standard.operators.bash.BashOperator'`.","category":"DeprecatedImportWarning","filename":"/opt/airflow/dags/3_operators.py","lineno":2,"logger":"py.warnings"}
{"timestamp":"2026-03-07T03:19:48.860601Z","level":"info","event":"Filling up the DagBag from /opt/airflow/dags/3_operators.py","logger":"airflow.models.dagbag.BundleDagBag","filename":"dagbag.py","lineno":593}
{"timestamp":"2026-03-07T03:19:48.904253Z","level":"warning","event":"The `airflow.operators.bash.BashOperator` attribute is deprecated. Please use `'airflow.providers.standard.operators.bash.BashOperator'`.","category":"DeprecatedImportWarning","filename":"/opt/airflow/dags/3_operators.py","lineno":2,"logger":"py.warnings"}
{"timestamp":"2026-03-07T03:20:19.473265Z","level":"info","event":"Filling up the DagBag from /opt/airflow/dags/3_operators.py","logger":"airflow.models.dagbag.BundleDagBag","filename":"dagbag.py","lineno":593}
{"timestamp":"2026-03-07T03:20:19.507787Z","level":"warning","event":"The `airflow.operators.bash.BashOperator` attribute is deprecated. Please use `'airflow.providers.standard.operators.bash.BashOperator'`.","category":"DeprecatedImportWarning","filename":"/opt/airflow/dags/3_operators.py","lineno":2,"logger":"py.warnings"}
{"timestamp":"2026-03-07T03:20:50.142600Z","level":"info","event":"Filling up the DagBag from /opt/airflow/dags/3_operators.py","logger":"airflow.models.dagbag.BundleDagBag","filename":"dagbag.py","lineno":593}
{"timestamp":"2026-03-07T03:20:50.166849Z","level":"warning","event":"The `airflow.operators.bash.BashOperator` attribute is deprecated. Please use `'airflow.providers.standard.operators.bash.BashOperator'`.","category":"DeprecatedImportWarning","filename":"/opt/airflow/dags/3_operators.py","lineno":2,"logger":"py.warnings"}
{"timestamp":"2026-03-07T03:21:20.807800Z","level":"info","event":"Filling up the DagBag from /opt/airflow/dags/3_operators.py","logger":"airflow.models.dagbag.BundleDagBag","filename":"dagbag.py","lineno":593}
{"timestamp":"2026-03-07T03:21:20.866880Z","level":"warning","event":"The `airflow.operators.bash.BashOperator` attribute is deprecated. Please use `'airflow.providers.standard.operators.bash.BashOperator'`.","category":"DeprecatedImportWarning","filename":"/opt/airflow/dags/3_operators.py","lineno":2,"logger":"py.warnings"}
{"timestamp":"2026-03-07T03:21:51.416337Z","level":"info","event":"Filling up the DagBag from /opt/airflow/dags/3_operators.py","logger":"airflow.models.dagbag.BundleDagBag","filename":"dagbag.py","lineno":593}
{"timestamp":"2026-03-07T03:21:51.447782Z","level":"warning","event":"The `airflow.operators.bash.BashOperator` attribute is deprecated. Please use `'airflow.providers.standard.operators.bash.BashOperator'`.","category":"DeprecatedImportWarning","filename":"/opt/airflow/dags/3_operators.py","lineno":2,"logger":"py.warnings"}
{"timestamp":"2026-03-07T03:22:21.533803Z","level":"info","event":"Filling up the DagBag from /opt/airflow/dags/3_operators.py","logger":"airflow.models.dagbag.BundleDagBag","filename":"dagbag.py","lineno":593}
{"timestamp":"2026-03-07T03:22:21.558503Z","level":"warning","event":"The `airflow.operators.bash.BashOperator` attribute is deprecated. Please use `'airflow.providers.standard.operators.bash.BashOperator'`.","category":"DeprecatedImportWarning","filename":"/opt/airflow/dags/3_operators.py","lineno":2,"logger":"py.warnings"}
{"timestamp":"2026-03-07T03:22:49.090584Z","level":"info","event":"Filling up the DagBag from /opt/airflow/dags/3_operators.py","logger":"airflow.models.dagbag.BundleDagBag","filename":"dagbag.py","lineno":593}
{"timestamp":"2026-03-07T03:22:49.137017Z","level":"warning","event":"The `airflow.operators.bash.BashOperator` attribute is deprecated. Please use `'airflow.providers.standard.operators.bash.BashOperator'`.","category":"DeprecatedImportWarning","filename":"/opt/airflow/dags/3_operators.py","lineno":2,"logger":"py.warnings"}
{"timestamp":"2026-03-07T03:22:50.219288Z","level":"info","event":"Filling up the DagBag from /opt/airflow/dags/3_operators.py","logger":"airflow.models.dagbag.BundleDagBag","filename":"dagbag.py","lineno":593}
{"timestamp":"2026-03-07T03:22:50.275381Z","level":"warning","event":"The `airflow.operators.bash.BashOperator` attribute is deprecated. Please use `'airflow.providers.standard.operators.bash.BashOperator'`.","category":"DeprecatedImportWarning","filename":"/opt/airflow/dags/3_operators.py","lineno":2,"logger":"py.warnings"}
{"timestamp":"2026-03-07T03:23:20.871453Z","level":"info","event":"Filling up the DagBag from /opt/airflow/dags/3_operators.py","logger":"airflow.models.dagbag.BundleDagBag","filename":"dagbag.py","lineno":593}
{"timestamp":"2026-03-07T03:23:20.908094Z","level":"warning","event":"The `airflow.operators.bash.BashOperator` attribute is deprecated. Please use `'airflow.providers.standard.operators.bash.BashOperator'`.","category":"DeprecatedImportWarning","filename":"/opt/airflow/dags/3_operators.py","lineno":2,"logger":"py.warnings"}
{"timestamp":"2026-03-07T03:23:51.448859Z","level":"info","event":"Filling up the DagBag from /opt/airflow/dags/3_operators.py","logger":"airflow.models.dagbag.BundleDagBag","filename":"dagbag.py","lineno":593}
{"timestamp":"2026-03-07T03:23:51.476101Z","level":"warning","event":"The `airflow.operators.bash.BashOperator` attribute is deprecated. Please use `'airflow.providers.standard.operators.bash.BashOperator'`.","category":"DeprecatedImportWarning","filename":"/opt/airflow/dags/3_operators.py","lineno":2,"logger":"py.warnings"}
{"timestamp":"2026-03-07T03:24:21.984027Z","level":"info","event":"Filling up the DagBag from /opt/airflow/dags/3_operators.py","logger":"airflow.models.dagbag.BundleDagBag","filename":"dagbag.py","lineno":593}
{"timestamp":"2026-03-07T03:24:22.008915Z","level":"warning","event":"The `airflow.operators.bash.BashOperator` attribute is deprecated. Please use `'airflow.providers.standard.operators.bash.BashOperator'`.","category":"DeprecatedImportWarning","filename":"/opt/airflow/dags/3_operators.py","lineno":2,"logger":"py.warnings"}
{"timestamp":"2026-03-07T03:24:52.588214Z","level":"info","event":"Filling up the DagBag from /opt/airflow/dags/3_operators.py","logger":"airflow.models.dagbag.BundleDagBag","filename":"dagbag.py","lineno":593}
{"timestamp":"2026-03-07T03:24:52.624563Z","level":"warning","event":"The `airflow.operators.bash.BashOperator` attribute is deprecated. Please use `'airflow.providers.standard.operators.bash.BashOperator'`.","category":"DeprecatedImportWarning","filename":"/opt/airflow/dags/3_operators.py","lineno":2,"logger":"py.warnings"}
{"timestamp":"2026-03-07T03:25:23.137461Z","level":"info","event":"Filling up the DagBag from /opt/airflow/dags/3_operators.py","logger":"airflow.models.dagbag.BundleDagBag","filename":"dagbag.py","lineno":593}
{"timestamp":"2026-03-07T03:25:23.160135Z","level":"warning","event":"The `airflow.operators.bash.BashOperator` attribute is deprecated. Please use `'airflow.providers.standard.operators.bash.BashOperator'`.","category":"DeprecatedImportWarning","filename":"/opt/airflow/dags/3_operators.py","lineno":2,"logger":"py.warnings"}
{"timestamp":"2026-03-07T03:25:53.766599Z","level":"info","event":"Filling up the DagBag from /opt/airflow/dags/3_operators.py","logger":"airflow.models.dagbag.BundleDagBag","filename":"dagbag.py","lineno":593}
{"timestamp":"2026-03-07T03:25:53.810050Z","level":"warning","event":"The `airflow.operators.bash.BashOperator` attribute is deprecated. Please use `'airflow.providers.standard.operators.bash.BashOperator'`.","category":"DeprecatedImportWarning","filename":"/opt/airflow/dags/3_operators.py","lineno":2,"logger":"py.warnings"}
{"timestamp":"2026-03-07T03:26:24.335631Z","level":"info","event":"Filling up the DagBag from /opt/airflow/dags/3_operators.py","logger":"airflow.models.dagbag.BundleDagBag","filename":"dagbag.py","lineno":593}
{"timestamp":"2026-03-07T03:26:24.361554Z","level":"warning","event":"The `airflow.operators.bash.BashOperator` attribute is deprecated. Please use `'airflow.providers.standard.operators.bash.BashOperator'`.","category":"DeprecatedImportWarning","filename":"/opt/airflow/dags/3_operators.py","lineno":2,"logger":"py.warnings"}
{"timestamp":"2026-03-07T03:26:54.876096Z","level":"info","event":"Filling up the DagBag from /opt/airflow/dags/3_operators.py","logger":"airflow.models.dagbag.BundleDagBag","filename":"dagbag.py","lineno":593}
{"timestamp":"2026-03-07T03:26:54.913550Z","level":"warning","event":"The `airflow.operators.bash.BashOperator` attribute is deprecated. Please use `'airflow.providers.standard.operators.bash.BashOperator'`.","category":"DeprecatedImportWarning","filename":"/opt/airflow/dags/3_operators.py","lineno":2,"logger":"py.warnings"}
{"timestamp":"2026-03-07T03:27:25.436308Z","level":"info","event":"Filling up the DagBag from /opt/airflow/dags/3_operators.py","logger":"airflow.models.dagbag.BundleDagBag","filename":"dagbag.py","lineno":593}
{"timestamp":"2026-03-07T03:27:25.460090Z","level":"warning","event":"The `airflow.operators.bash.BashOperator` attribute is deprecated. Please use `'airflow.providers.standard.operators.bash.BashOperator'`.","category":"DeprecatedImportWarning","filename":"/opt/airflow/dags/3_operators.py","lineno":2,"logger":"py.warnings"}
{"timestamp":"2026-03-07T03:27:56.001562Z","level":"info","event":"Filling up the DagBag from /opt/airflow/dags/3_operators.py","logger":"airflow.models.dagbag.BundleDagBag","filename":"dagbag.py","lineno":593}
{"timestamp":"2026-03-07T03:27:56.033897Z","level":"warning","event":"The `airflow.operators.bash.BashOperator` attribute is deprecated. Please use `'airflow.providers.standard.operators.bash.BashOperator'`.","category":"DeprecatedImportWarning","filename":"/opt/airflow/dags/3_operators.py","lineno":2,"logger":"py.warnings"}
{"timestamp":"2026-03-07T03:28:26.537512Z","level":"info","event":"Filling up the DagBag from /opt/airflow/dags/3_operators.py","logger":"airflow.models.dagbag.BundleDagBag","filename":"dagbag.py","lineno":593}
{"timestamp":"2026-03-07T03:28:26.564233Z","level":"warning","event":"The `airflow.operators.bash.BashOperator` attribute is deprecated. Please use `'airflow.providers.standard.operators.bash.BashOperator'`.","category":"DeprecatedImportWarning","filename":"/opt/airflow/dags/3_operators.py","lineno":2,"logger":"py.warnings"}
{"timestamp":"2026-03-07T03:28:57.049652Z","level":"info","event":"Filling up the DagBag from /opt/airflow/dags/3_operators.py","logger":"airflow.models.dagbag.BundleDagBag","filename":"dagbag.py","lineno":593}
{"timestamp":"2026-03-07T03:28:57.072959Z","level":"warning","event":"The `airflow.operators.bash.BashOperator` attribute is deprecated. Please use `'airflow.providers.standard.operators.bash.BashOperator'`.","category":"DeprecatedImportWarning","filename":"/opt/airflow/dags/3_operators.py","lineno":2,"logger":"py.warnings"}
{"timestamp":"2026-03-07T03:29:27.564874Z","level":"info","event":"Filling up the DagBag from /opt/airflow/dags/3_operators.py","logger":"airflow.models.dagbag.BundleDagBag","filename":"dagbag.py","lineno":593}
{"timestamp":"2026-03-07T03:29:27.589247Z","level":"warning","event":"The `airflow.operators.bash.BashOperator` attribute is deprecated. Please use `'airflow.providers.standard.operators.bash.BashOperator'`.","category":"DeprecatedImportWarning","filename":"/opt/airflow/dags/3_operators.py","lineno":2,"logger":"py.warnings"}
{"timestamp":"2026-03-07T03:29:58.130567Z","level":"info","event":"Filling up the DagBag from /opt/airflow/dags/3_operators.py","logger":"airflow.models.dagbag.BundleDagBag","filename":"dagbag.py","lineno":593}
{"timestamp":"2026-03-07T03:29:58.154532Z","level":"warning","event":"The `airflow.operators.bash.BashOperator` attribute is deprecated. Please use `'airflow.providers.standard.operators.bash.BashOperator'`.","category":"DeprecatedImportWarning","filename":"/opt/airflow/dags/3_operators.py","lineno":2,"logger":"py.warnings"}
{"timestamp":"2026-03-07T03:30:28.651306Z","level":"info","event":"Filling up the DagBag from /opt/airflow/dags/3_operators.py","logger":"airflow.models.dagbag.BundleDagBag","filename":"dagbag.py","lineno":593}
{"timestamp":"2026-03-07T03:30:28.677159Z","level":"warning","event":"The `airflow.operators.bash.BashOperator` attribute is deprecated. Please use `'airflow.providers.standard.operators.bash.BashOperator'`.","category":"DeprecatedImportWarning","filename":"/opt/airflow/dags/3_operators.py","lineno":2,"logger":"py.warnings"}
{"timestamp":"2026-03-07T03:30:59.224322Z","level":"info","event":"Filling up the DagBag from /opt/airflow/dags/3_operators.py","logger":"airflow.models.dagbag.BundleDagBag","filename":"dagbag.py","lineno":593}
{"timestamp":"2026-03-07T03:30:59.250791Z","level":"warning","event":"The `airflow.operators.bash.BashOperator` attribute is deprecated. Please use `'airflow.providers.standard.operators.bash.BashOperator'`.","category":"DeprecatedImportWarning","filename":"/opt/airflow/dags/3_operators.py","lineno":2,"logger":"py.warnings"}
{"timestamp":"2026-03-07T03:31:29.783294Z","level":"info","event":"Filling up the DagBag from /opt/airflow/dags/3_operators.py","logger":"airflow.models.dagbag.BundleDagBag","filename":"dagbag.py","lineno":593}
{"timestamp":"2026-03-07T03:31:29.809932Z","level":"warning","event":"The `airflow.operators.bash.BashOperator` attribute is deprecated. Please use `'airflow.providers.standard.operators.bash.BashOperator'`.","category":"DeprecatedImportWarning","filename":"/opt/airflow/dags/3_operators.py","lineno":2,"logger":"py.warnings"}
{"timestamp":"2026-03-07T03:32:00.356720Z","level":"info","event":"Filling up the DagBag from /opt/airflow/dags/3_operators.py","logger":"airflow.models.dagbag.BundleDagBag","filename":"dagbag.py","lineno":593}
{"timestamp":"2026-03-07T03:32:00.380015Z","level":"warning","event":"The `airflow.operators.bash.BashOperator` attribute is deprecated. Please use `'airflow.providers.standard.operators.bash.BashOperator'`.","category":"DeprecatedImportWarning","filename":"/opt/airflow/dags/3_operators.py","lineno":2,"logger":"py.warnings"}
{"timestamp":"2026-03-07T03:32:30.978440Z","level":"info","event":"Filling up the DagBag from /opt/airflow/dags/3_operators.py","logger":"airflow.models.dagbag.BundleDagBag","filename":"dagbag.py","lineno":593}
{"timestamp":"2026-03-07T03:32:31.029759Z","level":"warning","event":"The `airflow.operators.bash.BashOperator` attribute is deprecated. Please use `'airflow.providers.standard.operators.bash.BashOperator'`.","category":"DeprecatedImportWarning","filename":"/opt/airflow/dags/3_operators.py","lineno":2,"logger":"py.warnings"}
{"timestamp":"2026-03-07T03:33:01.609613Z","level":"info","event":"Filling up the DagBag from /opt/airflow/dags/3_operators.py","logger":"airflow.models.dagbag.BundleDagBag","filename":"dagbag.py","lineno":593}
{"timestamp":"2026-03-07T03:33:01.638886Z","level":"warning","event":"The `airflow.operators.bash.BashOperator` attribute is deprecated. Please use `'airflow.providers.standard.operators.bash.BashOperator'`.","category":"DeprecatedImportWarning","filename":"/opt/airflow/dags/3_operators.py","lineno":2,"logger":"py.warnings"}
{"timestamp":"2026-03-07T03:33:32.204681Z","level":"info","event":"Filling up the DagBag from /opt/airflow/dags/3_operators.py","logger":"airflow.models.dagbag.BundleDagBag","filename":"dagbag.py","lineno":593}
{"timestamp":"2026-03-07T03:33:32.228351Z","level":"warning","event":"The `airflow.operators.bash.BashOperator` attribute is deprecated. Please use `'airflow.providers.standard.operators.bash.BashOperator'`.","category":"DeprecatedImportWarning","filename":"/opt/airflow/dags/3_operators.py","lineno":2,"logger":"py.warnings"}
{"timestamp":"2026-03-07T03:34:02.766939Z","level":"info","event":"Filling up the DagBag from /opt/airflow/dags/3_operators.py","logger":"airflow.models.dagbag.BundleDagBag","filename":"dagbag.py","lineno":593}
{"timestamp":"2026-03-07T03:34:02.792768Z","level":"warning","event":"The `airflow.operators.bash.BashOperator` attribute is deprecated. Please use `'airflow.providers.standard.operators.bash.BashOperator'`.","category":"DeprecatedImportWarning","filename":"/opt/airflow/dags/3_operators.py","lineno":2,"logger":"py.warnings"}
{"timestamp":"2026-03-07T03:34:33.326022Z","level":"info","event":"Filling up the DagBag from /opt/airflow/dags/3_operators.py","logger":"airflow.models.dagbag.BundleDagBag","filename":"dagbag.py","lineno":593}
{"timestamp":"2026-03-07T03:34:33.351357Z","level":"warning","event":"The `airflow.operators.bash.BashOperator` attribute is deprecated. Please use `'airflow.providers.standard.operators.bash.BashOperator'`.","category":"DeprecatedImportWarning","filename":"/opt/airflow/dags/3_operators.py","lineno":2,"logger":"py.warnings"}
{"timestamp":"2026-03-07T03:35:03.889392Z","level":"info","event":"Filling up the DagBag from /opt/airflow/dags/3_operators.py","logger":"airflow.models.dagbag.BundleDagBag","filename":"dagbag.py","lineno":593}
{"timestamp":"2026-03-07T03:35:03.917764Z","level":"warning","event":"The `airflow.operators.bash.BashOperator` attribute is deprecated. Please use `'airflow.providers.standard.operators.bash.BashOperator'`.","category":"DeprecatedImportWarning","filename":"/opt/airflow/dags/3_operators.py","lineno":2,"logger":"py.warnings"}
{"timestamp":"2026-03-07T03:35:34.571489Z","level":"info","event":"Filling up the DagBag from /opt/airflow/dags/3_operators.py","logger":"airflow.models.dagbag.BundleDagBag","filename":"dagbag.py","lineno":593}
{"timestamp":"2026-03-07T03:35:34.599546Z","level":"warning","event":"The `airflow.operators.bash.BashOperator` attribute is deprecated. Please use `'airflow.providers.standard.operators.bash.BashOperator'`.","category":"DeprecatedImportWarning","filename":"/opt/airflow/dags/3_operators.py","lineno":2,"logger":"py.warnings"}
{"timestamp":"2026-03-07T03:36:05.195855Z","level":"info","event":"Filling up the DagBag from /opt/airflow/dags/3_operators.py","logger":"airflow.models.dagbag.BundleDagBag","filename":"dagbag.py","lineno":593}
{"timestamp":"2026-03-07T03:36:05.226974Z","level":"warning","event":"The `airflow.operators.bash.BashOperator` attribute is deprecated. Please use `'airflow.providers.standard.operators.bash.BashOperator'`.","category":"DeprecatedImportWarning","filename":"/opt/airflow/dags/3_operators.py","lineno":2,"logger":"py.warnings"}
{"timestamp":"2026-03-07T03:36:35.964498Z","level":"info","event":"Filling up the DagBag from /opt/airflow/dags/3_operators.py","logger":"airflow.models.dagbag.BundleDagBag","filename":"dagbag.py","lineno":593}
{"timestamp":"2026-03-07T03:36:36.045015Z","level":"warning","event":"The `airflow.operators.bash.BashOperator` attribute is deprecated. Please use `'airflow.providers.standard.operators.bash.BashOperator'`.","category":"DeprecatedImportWarning","filename":"/opt/airflow/dags/3_operators.py","lineno":2,"logger":"py.warnings"}
{"timestamp":"2026-03-07T03:37:06.638234Z","level":"info","event":"Filling up the DagBag from /opt/airflow/dags/3_operators.py","logger":"airflow.models.dagbag.BundleDagBag","filename":"dagbag.py","lineno":593}
{"timestamp":"2026-03-07T03:37:06.666663Z","level":"warning","event":"The `airflow.operators.bash.BashOperator` attribute is deprecated. Please use `'airflow.providers.standard.operators.bash.BashOperator'`.","category":"DeprecatedImportWarning","filename":"/opt/airflow/dags/3_operators.py","lineno":2,"logger":"py.warnings"}
{"timestamp":"2026-03-07T03:37:37.307036Z","level":"info","event":"Filling up the DagBag from /opt/airflow/dags/3_operators.py","logger":"airflow.models.dagbag.BundleDagBag","filename":"dagbag.py","lineno":593}
{"timestamp":"2026-03-07T03:37:37.372883Z","level":"warning","event":"The `airflow.operators.bash.BashOperator` attribute is deprecated. Please use `'airflow.providers.standard.operators.bash.BashOperator'`.","category":"DeprecatedImportWarning","filename":"/opt/airflow/dags/3_operators.py","lineno":2,"logger":"py.warnings"}
{"timestamp":"2026-03-07T03:38:07.883374Z","level":"info","event":"Filling up the DagBag from /opt/airflow/dags/3_operators.py","logger":"airflow.models.dagbag.BundleDagBag","filename":"dagbag.py","lineno":593}
{"timestamp":"2026-03-07T03:38:07.908519Z","level":"warning","event":"The `airflow.operators.bash.BashOperator` attribute is deprecated. Please use `'airflow.providers.standard.operators.bash.BashOperator'`.","category":"DeprecatedImportWarning","filename":"/opt/airflow/dags/3_operators.py","lineno":2,"logger":"py.warnings"}
{"timestamp":"2026-03-07T03:38:38.441287Z","level":"info","event":"Filling up the DagBag from /opt/airflow/dags/3_operators.py","logger":"airflow.models.dagbag.BundleDagBag","filename":"dagbag.py","lineno":593}
{"timestamp":"2026-03-07T03:38:38.466744Z","level":"warning","event":"The `airflow.operators.bash.BashOperator` attribute is deprecated. Please use `'airflow.providers.standard.operators.bash.BashOperator'`.","category":"DeprecatedImportWarning","filename":"/opt/airflow/dags/3_operators.py","lineno":2,"logger":"py.warnings"}
{"timestamp":"2026-03-07T03:39:09.015902Z","level":"info","event":"Filling up the DagBag from /opt/airflow/dags/3_operators.py","logger":"airflow.models.dagbag.BundleDagBag","filename":"dagbag.py","lineno":593}
{"timestamp":"2026-03-07T03:39:09.041120Z","level":"warning","event":"The `airflow.operators.bash.BashOperator` attribute is deprecated. Please use `'airflow.providers.standard.operators.bash.BashOperator'`.","category":"DeprecatedImportWarning","filename":"/opt/airflow/dags/3_operators.py","lineno":2,"logger":"py.warnings"}
{"timestamp":"2026-03-07T03:39:39.520519Z","level":"info","event":"Filling up the DagBag from /opt/airflow/dags/3_operators.py","logger":"airflow.models.dagbag.BundleDagBag","filename":"dagbag.py","lineno":593}
{"timestamp":"2026-03-07T03:39:39.546046Z","level":"warning","event":"The `airflow.operators.bash.BashOperator` attribute is deprecated. Please use `'airflow.providers.standard.operators.bash.BashOperator'`.","category":"DeprecatedImportWarning","filename":"/opt/airflow/dags/3_operators.py","lineno":2,"logger":"py.warnings"}
{"timestamp":"2026-03-07T03:40:10.068956Z","level":"info","event":"Filling up the DagBag from /opt/airflow/dags/3_operators.py","logger":"airflow.models.dagbag.BundleDagBag","filename":"dagbag.py","lineno":593}
{"timestamp":"2026-03-07T03:40:10.096700Z","level":"warning","event":"The `airflow.operators.bash.BashOperator` attribute is deprecated. Please use `'airflow.providers.standard.operators.bash.BashOperator'`.","category":"DeprecatedImportWarning","filename":"/opt/airflow/dags/3_operators.py","lineno":2,"logger":"py.warnings"}
{"timestamp":"2026-03-07T03:40:40.967806Z","level":"info","event":"Filling up the DagBag from /opt/airflow/dags/3_operators.py","logger":"airflow.models.dagbag.BundleDagBag","filename":"dagbag.py","lineno":593}
{"timestamp":"2026-03-07T03:40:41.000110Z","level":"warning","event":"The `airflow.operators.bash.BashOperator` attribute is deprecated. Please use `'airflow.providers.standard.operators.bash.BashOperator'`.","category":"DeprecatedImportWarning","filename":"/opt/airflow/dags/3_operators.py","lineno":2,"logger":"py.warnings"}
{"timestamp":"2026-03-07T03:41:11.784890Z","level":"info","event":"Filling up the DagBag from /opt/airflow/dags/3_operators.py","logger":"airflow.models.dagbag.BundleDagBag","filename":"dagbag.py","lineno":593}
{"timestamp":"2026-03-07T03:41:11.817412Z","level":"warning","event":"The `airflow.operators.bash.BashOperator` attribute is deprecated. Please use `'airflow.providers.standard.operators.bash.BashOperator'`.","category":"DeprecatedImportWarning","filename":"/opt/airflow/dags/3_operators.py","lineno":2,"logger":"py.warnings"}
{"timestamp":"2026-03-07T03:41:42.476842Z","level":"info","event":"Filling up the DagBag from /opt/airflow/dags/3_operators.py","logger":"airflow.models.dagbag.BundleDagBag","filename":"dagbag.py","lineno":593}
{"timestamp":"2026-03-07T03:41:42.500811Z","level":"warning","event":"The `airflow.operators.bash.BashOperator` attribute is deprecated. Please use `'airflow.providers.standard.operators.bash.BashOperator'`.","category":"DeprecatedImportWarning","filename":"/opt/airflow/dags/3_operators.py","lineno":2,"logger":"py.warnings"}
{"timestamp":"2026-03-07T03:42:13.030024Z","level":"info","event":"Filling up the DagBag from /opt/airflow/dags/3_operators.py","logger":"airflow.models.dagbag.BundleDagBag","filename":"dagbag.py","lineno":593}
{"timestamp":"2026-03-07T03:42:13.284190Z","level":"warning","event":"The `airflow.operators.bash.BashOperator` attribute is deprecated. Please use `'airflow.providers.standard.operators.bash.BashOperator'`.","category":"DeprecatedImportWarning","filename":"/opt/airflow/dags/3_operators.py","lineno":2,"logger":"py.warnings"}
{"timestamp":"2026-03-07T03:42:43.640610Z","level":"info","event":"Filling up the DagBag from /opt/airflow/dags/3_operators.py","logger":"airflow.models.dagbag.BundleDagBag","filename":"dagbag.py","lineno":593}
{"timestamp":"2026-03-07T03:42:43.669192Z","level":"warning","event":"The `airflow.operators.bash.BashOperator` attribute is deprecated. Please use `'airflow.providers.standard.operators.bash.BashOperator'`.","category":"DeprecatedImportWarning","filename":"/opt/airflow/dags/3_operators.py","lineno":2,"logger":"py.warnings"}
{"timestamp":"2026-03-07T03:43:14.357106Z","level":"info","event":"Filling up the DagBag from /opt/airflow/dags/3_operators.py","logger":"airflow.models.dagbag.BundleDagBag","filename":"dagbag.py","lineno":593}
{"timestamp":"2026-03-07T03:43:14.382627Z","level":"warning","event":"The `airflow.operators.bash.BashOperator` attribute is deprecated. Please use `'airflow.providers.standard.operators.bash.BashOperator'`.","category":"DeprecatedImportWarning","filename":"/opt/airflow/dags/3_operators.py","lineno":2,"logger":"py.warnings"}
{"timestamp":"2026-03-07T03:43:45.101998Z","level":"info","event":"Filling up the DagBag from /opt/airflow/dags/3_operators.py","logger":"airflow.models.dagbag.BundleDagBag","filename":"dagbag.py","lineno":593}
{"timestamp":"2026-03-07T03:43:45.125900Z","level":"warning","event":"The `airflow.operators.bash.BashOperator` attribute is deprecated. Please use `'airflow.providers.standard.operators.bash.BashOperator'`.","category":"DeprecatedImportWarning","filename":"/opt/airflow/dags/3_operators.py","lineno":2,"logger":"py.warnings"}
{"timestamp":"2026-03-07T03:44:15.813976Z","level":"info","event":"Filling up the DagBag from /opt/airflow/dags/3_operators.py","logger":"airflow.models.dagbag.BundleDagBag","filename":"dagbag.py","lineno":593}
{"timestamp":"2026-03-07T03:44:15.837662Z","level":"warning","event":"The `airflow.operators.bash.BashOperator` attribute is deprecated. Please use `'airflow.providers.standard.operators.bash.BashOperator'`.","category":"DeprecatedImportWarning","filename":"/opt/airflow/dags/3_operators.py","lineno":2,"logger":"py.warnings"}
{"timestamp":"2026-03-07T03:44:46.204701Z","level":"info","event":"Filling up the DagBag from /opt/airflow/dags/3_operators.py","logger":"airflow.models.dagbag.BundleDagBag","filename":"dagbag.py","lineno":593}
{"timestamp":"2026-03-07T03:44:46.253654Z","level":"warning","event":"The `airflow.operators.bash.BashOperator` attribute is deprecated. Please use `'airflow.providers.standard.operators.bash.BashOperator'`.","category":"DeprecatedImportWarning","filename":"/opt/airflow/dags/3_operators.py","lineno":2,"logger":"py.warnings"}
{"timestamp":"2026-03-07T03:45:17.103469Z","level":"info","event":"Filling up the DagBag from /opt/airflow/dags/3_operators.py","logger":"airflow.models.dagbag.BundleDagBag","filename":"dagbag.py","lineno":593}
{"timestamp":"2026-03-07T03:45:17.136330Z","level":"warning","event":"The `airflow.operators.bash.BashOperator` attribute is deprecated. Please use `'airflow.providers.standard.operators.bash.BashOperator'`.","category":"DeprecatedImportWarning","filename":"/opt/airflow/dags/3_operators.py","lineno":2,"logger":"py.warnings"}
{"timestamp":"2026-03-07T03:45:47.792663Z","level":"info","event":"Filling up the DagBag from /opt/airflow/dags/3_operators.py","logger":"airflow.models.dagbag.BundleDagBag","filename":"dagbag.py","lineno":593}
{"timestamp":"2026-03-07T03:45:47.816657Z","level":"warning","event":"The `airflow.operators.bash.BashOperator` attribute is deprecated. Please use `'airflow.providers.standard.operators.bash.BashOperator'`.","category":"DeprecatedImportWarning","filename":"/opt/airflow/dags/3_operators.py","lineno":2,"logger":"py.warnings"}
{"timestamp":"2026-03-07T03:46:18.470257Z","level":"info","event":"Filling up the DagBag from /opt/airflow/dags/3_operators.py","logger":"airflow.models.dagbag.BundleDagBag","filename":"dagbag.py","lineno":593}
{"timestamp":"2026-03-07T03:46:18.501315Z","level":"warning","event":"The `airflow.operators.bash.BashOperator` attribute is deprecated. Please use `'airflow.providers.standard.operators.bash.BashOperator'`.","category":"DeprecatedImportWarning","filename":"/opt/airflow/dags/3_operators.py","lineno":2,"logger":"py.warnings"}
